

***********************************************************************
Fatal NI connect error 12170.

  VERSION INFORMATION:
	TNS for 32-bit Windows: Version 10.2.0.1.0 - Production
	Windows NT TCP/IP NT Protocol Adapter for 32-bit Windows: Version 10.2.0.1.0 - Production
  Time: 28-ФЕВ-2012 10:37:40
  Tracing not turned on.
  Tns error struct:
    ns main err code: 12535
    TNS-12535: TNS:таймаут операции
    ns secondary err code: 12560
    nt main err code: 505
    TNS-00505: Таймаут операции
    nt secondary err code: 60
    nt OS err code: 0
  Client address: <unknown>


***********************************************************************
Fatal NI connect error 12170.

  VERSION INFORMATION:
	TNS for 32-bit Windows: Version 10.2.0.1.0 - Production
	Windows NT TCP/IP NT Protocol Adapter for 32-bit Windows: Version 10.2.0.1.0 - Production
  Time: 28-ФЕВ-2012 10:40:03
  Tracing not turned on.
  Tns error struct:
    ns main err code: 12535
    TNS-12535: TNS:таймаут операции
    ns secondary err code: 12560
    nt main err code: 505
    TNS-00505: Таймаут операции
    nt secondary err code: 60
    nt OS err code: 0
  Client address: <unknown>


***********************************************************************
Fatal NI connect error 12547, connecting to:
 (DESCRIPTION=(ADDRESS=(PROTOCOL=TCP)(HOST=10.10.10.110)(PORT=1521))(CONNECT_DATA=(SERVICE_NAME=parus)(CID=(PROGRAM=C:\Project\HRManager\HRManager.exe)(HOST=WPCLIENT)(USER=Admin))))

  VERSION INFORMATION:
	TNS for 32-bit Windows: Version 10.2.0.1.0 - Production
	Windows NT TCP/IP NT Protocol Adapter for 32-bit Windows: Version 10.2.0.1.0 - Production
  Time: 04-МАЙ-2012 16:22:21
  Tracing not turned on.
  Tns error struct:
    ns main err code: 12547
    TNS-12547: TNS:контакт потерян
    ns secondary err code: 12560
    nt main err code: 517
    TNS-00517: Контакт потерян
    nt secondary err code: 54
    nt OS err code: 0


***********************************************************************
Fatal NI connect error 12547, connecting to:
 (DESCRIPTION=(ADDRESS=(PROTOCOL=TCP)(HOST=10.10.10.110)(PORT=1521))(CONNECT_DATA=(SERVICE_NAME=parus)(CID=(PROGRAM=C:\Project\HRManager\HRManager.exe)(HOST=WPCLIENT)(USER=Admin))))

  VERSION INFORMATION:
	TNS for 32-bit Windows: Version 10.2.0.1.0 - Production
	Windows NT TCP/IP NT Protocol Adapter for 32-bit Windows: Version 10.2.0.1.0 - Production
  Time: 04-МАЙ-2012 16:49:03
  Tracing not turned on.
  Tns error struct:
    ns main err code: 12547
    TNS-12547: TNS:контакт потерян
    ns secondary err code: 12560
    nt main err code: 517
    TNS-00517: Контакт потерян
    nt secondary err code: 54
    nt OS err code: 0


***********************************************************************
Fatal NI connect error 12547, connecting to:
 (DESCRIPTION=(ADDRESS=(PROTOCOL=TCP)(HOST=10.10.10.110)(PORT=1521))(CONNECT_DATA=(SERVICE_NAME=parus)(CID=(PROGRAM=C:\Project\HRManager\HRManager.exe)(HOST=WPCLIENT)(USER=Admin))))

Fatal NI connect error 12547, connecting to:
 (DESCRIPTION=(ADDRESS=(PROTOCOL=TCP)(HOST=10.10.10.110)(PORT=1521))(CONNECT_DATA=(SERVICE_NAME=parus)(CID=(PROGRAM=C:\Project\HRManager\HRManager.exe)(HOST=WPCLIENT)(USER=Admin))))

  VERSION INFORMATION:
	TNS for 32-bit Windows: Version 10.2.0.1.0 - Production
	Windows NT TCP/IP NT Protocol Adapter for 32-bit Windows: Version 10.2.0.1.0 - Production
  Time: 21-МАЙ-2012 14:59:49
  Tracing not turned on.
  Tns error struct:
    ns main err code: 12547
    TNS-12547: TNS:контакт потерян
    ns secondary err code: 12560
    nt main err code: 517
    TNS-00517: Контакт потерян
    nt secondary err code: 54
    nt OS err code: 0
TNS-12547: TNS:контакт потерян
    ns secondary err code: 12560
    nt main err code: 517
    TNS-00517: Контакт потерян
    nt secondary err code: 54
    nt OS err code: 0


***********************************************************************
Fatal NI connect error 12170.

  VERSION INFORMATION:
	TNS for 32-bit Windows: Version 10.2.0.1.0 - Production
	Windows NT TCP/IP NT Protocol Adapter for 32-bit Windows: Version 10.2.0.1.0 - Production
  Time: 27-ИЮН-2012 11:58:57
  Tracing not turned on.
  Tns error struct:
    ns main err code: 12535
    TNS-12535: TNS:таймаут операции
    ns secondary err code: 12560
    nt main err code: 505
    TNS-00505: Таймаут операции
    nt secondary err code: 60
    nt OS err code: 0
  Client address: <unknown>


***********************************************************************
Fatal NI connect error 12170.

  VERSION INFORMATION:
	TNS for 32-bit Windows: Version 10.2.0.1.0 - Production
	Windows NT TCP/IP NT Protocol Adapter for 32-bit Windows: Version 10.2.0.1.0 - Production
  Time: 27-ИЮН-2012 11:59:41
  Tracing not turned on.
  Tns error struct:
    ns main err code: 12535
    TNS-12535: TNS:таймаут операции
    ns secondary err code: 12560
    nt main err code: 505
    TNS-00505: Таймаут операции
    nt secondary err code: 60
    nt OS err code: 0
  Client address: <unknown>
